# JRE version: Java(TM) SE Runtime Environment (8.0_191-b12) (build 1.8.0_191-b12)
# Java VM: Java HotSpot(TM) 64-Bit Server VM (25.191-b12 mixed mode windows-amd64 compressed oops)
Heap:
 PSYoungGen      total 98304K, used 25080K [0x00000000d5d00000, 0x00000000dd900000, 0x0000000100000000)
  eden space 87552K, 16% used [0x00000000d5d00000,0x00000000d6b025c0,0x00000000db280000)
  from space 10752K, 99% used [0x00000000db280000,0x00000000dbcfbc68,0x00000000dbd00000)
  to   space 12800K, 0% used [0x00000000dcc80000,0x00000000dcc80000,0x00000000dd900000)
 ParOldGen       total 55296K, used 19950K [0x0000000081600000, 0x0000000084c00000, 0x00000000d5d00000)
  object space 55296K, 36% used [0x0000000081600000,0x000000008297b8a0,0x0000000084c00000)
 Metaspace       used 50917K, capacity 52560K, committed 52904K, reserved 1095680K
  class space    used 6895K, capacity 7218K, committed 7344K, reserved 1048576K
GC Heap History (10 events):
Event: 3.812 GC heap before
{Heap before GC invocations=9 (full 1):
 PSYoungGen      total 71680K, used 71655K [0x00000000d5d00000, 0x00000000da800000, 0x0000000100000000)
  eden space 66560K, 100% used [0x00000000d5d00000,0x00000000d9e00000,0x00000000d9e00000)
  from space 5120K, 99% used [0x00000000d9e00000,0x00000000da2f9e78,0x00000000da300000)
  to   space 5120K, 0% used [0x00000000da300000,0x00000000da300000,0x00000000da800000)
 ParOldGen       total 55296K, used 9485K [0x0000000081600000, 0x0000000084c00000, 0x00000000d5d00000)
  object space 55296K, 17% used [0x0000000081600000,0x0000000081f43460,0x0000000084c00000)
 Metaspace       used 31482K, capacity 32654K, committed 32816K, reserved 1077248K
  class space    used 4070K, capacity 4301K, committed 4400K, reserved 1048576K
Event: 3.820 GC heap after
Heap after GC invocations=9 (full 1):
 PSYoungGen      total 71680K, used 5088K [0x00000000d5d00000, 0x00000000da800000, 0x0000000100000000)
  eden space 66560K, 0% used [0x00000000d5d00000,0x00000000d5d00000,0x00000000d9e00000)
  from space 5120K, 99% used [0x00000000da300000,0x00000000da7f8338,0x00000000da800000)
  to   space 5120K, 0% used [0x00000000d9e00000,0x00000000d9e00000,0x00000000da300000)
 ParOldGen       total 55296K, used 14578K [0x0000000081600000, 0x0000000084c00000, 0x00000000d5d00000)
  object space 55296K, 26% used [0x0000000081600000,0x000000008243ca30,0x0000000084c00000)
 Metaspace       used 31482K, capacity 32654K, committed 32816K, reserved 1077248K
  class space    used 4070K, capacity 4301K, committed 4400K, reserved 1048576K
}
Event: 4.272 GC heap before
{Heap before GC invocations=10 (full 1):
 PSYoungGen      total 71680K, used 48249K [0x00000000d5d00000, 0x00000000da800000, 0x0000000100000000)
  eden space 66560K, 64% used [0x00000000d5d00000,0x00000000d8726220,0x00000000d9e00000)
  from space 5120K, 99% used [0x00000000da300000,0x00000000da7f8338,0x00000000da800000)
  to   space 5120K, 0% used [0x00000000d9e00000,0x00000000d9e00000,0x00000000da300000)
 ParOldGen       total 55296K, used 14578K [0x0000000081600000, 0x0000000084c00000, 0x00000000d5d00000)
  object space 55296K, 26% used [0x0000000081600000,0x000000008243ca30,0x0000000084c00000)
 Metaspace       used 34066K, capacity 35336K, committed 35496K, reserved 1079296K
  class space    used 4417K, capacity 4672K, committed 4784K, reserved 1048576K
Event: 4.281 GC heap after
Heap after GC invocations=10 (full 1):
 PSYoungGen      total 71680K, used 5120K [0x00000000d5d00000, 0x00000000dc900000, 0x0000000100000000)
  eden space 66560K, 0% used [0x00000000d5d00000,0x00000000d5d00000,0x00000000d9e00000)
  from space 5120K, 100% used [0x00000000d9e00000,0x00000000da300000,0x00000000da300000)
  to   space 10752K, 0% used [0x00000000dbe80000,0x00000000dbe80000,0x00000000dc900000)
 ParOldGen       total 55296K, used 17434K [0x0000000081600000, 0x0000000084c00000, 0x00000000d5d00000)
  object space 55296K, 31% used [0x0000000081600000,0x0000000082706978,0x0000000084c00000)
 Metaspace       used 34066K, capacity 35336K, committed 35496K, reserved 1079296K
  class space    used 4417K, capacity 4672K, committed 4784K, reserved 1048576K
}
Event: 4.282 GC heap before
{Heap before GC invocations=11 (full 2):
 PSYoungGen      total 71680K, used 5120K [0x00000000d5d00000, 0x00000000dc900000, 0x0000000100000000)
  eden space 66560K, 0% used [0x00000000d5d00000,0x00000000d5d00000,0x00000000d9e00000)
  from space 5120K, 100% used [0x00000000d9e00000,0x00000000da300000,0x00000000da300000)
  to   space 10752K, 0% used [0x00000000dbe80000,0x00000000dbe80000,0x00000000dc900000)
 ParOldGen       total 55296K, used 17434K [0x0000000081600000, 0x0000000084c00000, 0x00000000d5d00000)
  object space 55296K, 31% used [0x0000000081600000,0x0000000082706978,0x0000000084c00000)
 Metaspace       used 34066K, capacity 35336K, committed 35496K, reserved 1079296K
  class space    used 4417K, capacity 4672K, committed 4784K, reserved 1048576K
Event: 4.362 GC heap after
Heap after GC invocations=11 (full 2):
 PSYoungGen      total 71680K, used 0K [0x00000000d5d00000, 0x00000000dc900000, 0x0000000100000000)
  eden space 66560K, 0% used [0x00000000d5d00000,0x00000000d5d00000,0x00000000d9e00000)
  from space 5120K, 0% used [0x00000000d9e00000,0x00000000d9e00000,0x00000000da300000)
  to   space 10752K, 0% used [0x00000000dbe80000,0x00000000dbe80000,0x00000000dc900000)
 ParOldGen       total 55296K, used 17412K [0x0000000081600000, 0x0000000084c00000, 0x00000000d5d00000)
  object space 55296K, 31% used [0x0000000081600000,0x0000000082701320,0x0000000084c00000)
 Metaspace       used 34066K, capacity 35336K, committed 35496K, reserved 1079296K
  class space    used 4417K, capacity 4672K, committed 4784K, reserved 1048576K
}
Event: 5.814 GC heap before
{Heap before GC invocations=12 (full 2):
 PSYoungGen      total 71680K, used 66560K [0x00000000d5d00000, 0x00000000dc900000, 0x0000000100000000)
  eden space 66560K, 100% used [0x00000000d5d00000,0x00000000d9e00000,0x00000000d9e00000)
  from space 5120K, 0% used [0x00000000d9e00000,0x00000000d9e00000,0x00000000da300000)
  to   space 10752K, 0% used [0x00000000dbe80000,0x00000000dbe80000,0x00000000dc900000)
 ParOldGen       total 55296K, used 17412K [0x0000000081600000, 0x0000000084c00000, 0x00000000d5d00000)
  object space 55296K, 31% used [0x0000000081600000,0x0000000082701320,0x0000000084c00000)
 Metaspace       used 40702K, capacity 42178K, committed 42408K, reserved 1085440K
  class space    used 5208K, capacity 5525K, committed 5552K, reserved 1048576K
Event: 5.823 GC heap after
Heap after GC invocations=12 (full 2):
 PSYoungGen      total 91648K, used 8773K [0x00000000d5d00000, 0x00000000dc780000, 0x0000000100000000)
  eden space 82432K, 0% used [0x00000000d5d00000,0x00000000d5d00000,0x00000000dad80000)
  from space 9216K, 95% used [0x00000000dbe80000,0x00000000dc711568,0x00000000dc780000)
  to   space 10752K, 0% used [0x00000000db280000,0x00000000db280000,0x00000000dbd00000)
 ParOldGen       total 55296K, used 17420K [0x0000000081600000, 0x0000000084c00000, 0x00000000d5d00000)
  object space 55296K, 31% used [0x0000000081600000,0x0000000082703320,0x0000000084c00000)
 Metaspace       used 40702K, capacity 42178K, committed 42408K, reserved 1085440K
  class space    used 5208K, capacity 5525K, committed 5552K, reserved 1048576K
}
Event: 6.861 GC heap before
{Heap before GC invocations=13 (full 2):
 PSYoungGen      total 91648K, used 91205K [0x00000000d5d00000, 0x00000000dc780000, 0x0000000100000000)
  eden space 82432K, 100% used [0x00000000d5d00000,0x00000000dad80000,0x00000000dad80000)
  from space 9216K, 95% used [0x00000000dbe80000,0x00000000dc711568,0x00000000dc780000)
  to   space 10752K, 0% used [0x00000000db280000,0x00000000db280000,0x00000000dbd00000)
 ParOldGen       total 55296K, used 17420K [0x0000000081600000, 0x0000000084c00000, 0x00000000d5d00000)
  object space 55296K, 31% used [0x0000000081600000,0x0000000082703320,0x0000000084c00000)
 Metaspace       used 49421K, capacity 51028K, committed 51240K, reserved 1093632K
  class space    used 6614K, capacity 6952K, committed 6960K, reserved 1048576K
Event: 6.875 GC heap after
Heap after GC invocations=13 (full 2):
 PSYoungGen      total 98304K, used 10735K [0x00000000d5d00000, 0x00000000dd900000, 0x0000000100000000)
  eden space 87552K, 0% used [0x00000000d5d00000,0x00000000d5d00000,0x00000000db280000)
  from space 10752K, 99% used [0x00000000db280000,0x00000000dbcfbc68,0x00000000dbd00000)
  to   space 12800K, 0% used [0x00000000dcc80000,0x00000000dcc80000,0x00000000dd900000)
 ParOldGen       total 55296K, used 19950K [0x0000000081600000, 0x0000000084c00000, 0x00000000d5d00000)
  object space 55296K, 36% used [0x0000000081600000,0x000000008297b8a0,0x0000000084c00000)
 Metaspace       used 49421K, capacity 51028K, committed 51240K, reserved 1093632K
  class space    used 6614K, capacity 6952K, committed 6960K, reserved 1048576K
}

