# JRE version: Java(TM) SE Runtime Environment (8.0_191-b12) (build 1.8.0_191-b12)
# Java VM: Java HotSpot(TM) 64-Bit Server VM (25.191-b12 mixed mode windows-amd64 compressed oops)
Heap:
 PSYoungGen      total 139776K, used 25103K [0x00000000d5d00000, 0x00000000ded00000, 0x0000000100000000)
  eden space 133120K, 13% used [0x00000000d5d00000,0x00000000d6f0bd98,0x00000000ddf00000)
  from space 6656K, 99% used [0x00000000de680000,0x00000000decf8188,0x00000000ded00000)
  to   space 7168K, 0% used [0x00000000ddf00000,0x00000000ddf00000,0x00000000de600000)
 ParOldGen       total 48128K, used 29241K [0x0000000081600000, 0x0000000084500000, 0x00000000d5d00000)
  object space 48128K, 60% used [0x0000000081600000,0x000000008328e660,0x0000000084500000)
 Metaspace       used 50575K, capacity 52076K, committed 52220K, reserved 1093632K
  class space    used 6830K, capacity 7136K, committed 7216K, reserved 1048576K
GC Heap History (10 events):
Event: 2.687 GC heap before
{Heap before GC invocations=8 (full 1):
 PSYoungGen      total 139776K, used 133120K [0x00000000d5d00000, 0x00000000ded00000, 0x0000000100000000)
  eden space 133120K, 100% used [0x00000000d5d00000,0x00000000ddf00000,0x00000000ddf00000)
  from space 6656K, 0% used [0x00000000de680000,0x00000000de680000,0x00000000ded00000)
  to   space 7168K, 0% used [0x00000000ddf00000,0x00000000ddf00000,0x00000000de600000)
 ParOldGen       total 48128K, used 5807K [0x0000000081600000, 0x0000000084500000, 0x00000000d5d00000)
  object space 48128K, 12% used [0x0000000081600000,0x0000000081babd18,0x0000000084500000)
 Metaspace       used 27514K, capacity 28390K, committed 28540K, reserved 1075200K
  class space    used 3550K, capacity 3749K, committed 3760K, reserved 1048576K
Event: 2.698 GC heap after
Heap after GC invocations=8 (full 1):
 PSYoungGen      total 140288K, used 7136K [0x00000000d5d00000, 0x00000000ded00000, 0x0000000100000000)
  eden space 133120K, 0% used [0x00000000d5d00000,0x00000000d5d00000,0x00000000ddf00000)
  from space 7168K, 99% used [0x00000000ddf00000,0x00000000de5f8390,0x00000000de600000)
  to   space 6656K, 0% used [0x00000000de680000,0x00000000de680000,0x00000000ded00000)
 ParOldGen       total 48128K, used 8638K [0x0000000081600000, 0x0000000084500000, 0x00000000d5d00000)
  object space 48128K, 17% used [0x0000000081600000,0x0000000081e6fb48,0x0000000084500000)
 Metaspace       used 27514K, capacity 28390K, committed 28540K, reserved 1075200K
  class space    used 3550K, capacity 3749K, committed 3760K, reserved 1048576K
}
Event: 4.272 GC heap before
{Heap before GC invocations=9 (full 1):
 PSYoungGen      total 140288K, used 140256K [0x00000000d5d00000, 0x00000000ded00000, 0x0000000100000000)
  eden space 133120K, 100% used [0x00000000d5d00000,0x00000000ddf00000,0x00000000ddf00000)
  from space 7168K, 99% used [0x00000000ddf00000,0x00000000de5f8390,0x00000000de600000)
  to   space 6656K, 0% used [0x00000000de680000,0x00000000de680000,0x00000000ded00000)
 ParOldGen       total 48128K, used 8638K [0x0000000081600000, 0x0000000084500000, 0x00000000d5d00000)
  object space 48128K, 17% used [0x0000000081600000,0x0000000081e6fb48,0x0000000084500000)
 Metaspace       used 34580K, capacity 35880K, committed 35964K, reserved 1081344K
  class space    used 4463K, capacity 4744K, committed 4784K, reserved 1048576K
Event: 4.285 GC heap after
Heap after GC invocations=9 (full 1):
 PSYoungGen      total 139776K, used 6644K [0x00000000d5d00000, 0x00000000ded00000, 0x0000000100000000)
  eden space 133120K, 0% used [0x00000000d5d00000,0x00000000d5d00000,0x00000000ddf00000)
  from space 6656K, 99% used [0x00000000de680000,0x00000000decfd030,0x00000000ded00000)
  to   space 7168K, 0% used [0x00000000ddf00000,0x00000000ddf00000,0x00000000de600000)
 ParOldGen       total 48128K, used 16507K [0x0000000081600000, 0x0000000084500000, 0x00000000d5d00000)
  object space 48128K, 34% used [0x0000000081600000,0x000000008261ef90,0x0000000084500000)
 Metaspace       used 34580K, capacity 35880K, committed 35964K, reserved 1081344K
  class space    used 4463K, capacity 4744K, committed 4784K, reserved 1048576K
}
Event: 4.319 GC heap before
{Heap before GC invocations=10 (full 1):
 PSYoungGen      total 139776K, used 10980K [0x00000000d5d00000, 0x00000000ded00000, 0x0000000100000000)
  eden space 133120K, 3% used [0x00000000d5d00000,0x00000000d613c1e0,0x00000000ddf00000)
  from space 6656K, 99% used [0x00000000de680000,0x00000000decfd030,0x00000000ded00000)
  to   space 7168K, 0% used [0x00000000ddf00000,0x00000000ddf00000,0x00000000de600000)
 ParOldGen       total 48128K, used 16507K [0x0000000081600000, 0x0000000084500000, 0x00000000d5d00000)
  object space 48128K, 34% used [0x0000000081600000,0x000000008261ef90,0x0000000084500000)
 Metaspace       used 34731K, capacity 36040K, committed 36048K, reserved 1081344K
  class space    used 4481K, capacity 4776K, committed 4784K, reserved 1048576K
Event: 4.329 GC heap after
Heap after GC invocations=10 (full 1):
 PSYoungGen      total 140288K, used 7027K [0x00000000d5d00000, 0x00000000ded00000, 0x0000000100000000)
  eden space 133120K, 0% used [0x00000000d5d00000,0x00000000d5d00000,0x00000000ddf00000)
  from space 7168K, 98% used [0x00000000ddf00000,0x00000000de5dcf18,0x00000000de600000)
  to   space 6656K, 0% used [0x00000000de680000,0x00000000de680000,0x00000000ded00000)
 ParOldGen       total 48128K, used 16507K [0x0000000081600000, 0x0000000084500000, 0x00000000d5d00000)
  object space 48128K, 34% used [0x0000000081600000,0x000000008261ef90,0x0000000084500000)
 Metaspace       used 34731K, capacity 36040K, committed 36048K, reserved 1081344K
  class space    used 4481K, capacity 4776K, committed 4784K, reserved 1048576K
}
Event: 4.329 GC heap before
{Heap before GC invocations=11 (full 2):
 PSYoungGen      total 140288K, used 7027K [0x00000000d5d00000, 0x00000000ded00000, 0x0000000100000000)
  eden space 133120K, 0% used [0x00000000d5d00000,0x00000000d5d00000,0x00000000ddf00000)
  from space 7168K, 98% used [0x00000000ddf00000,0x00000000de5dcf18,0x00000000de600000)
  to   space 6656K, 0% used [0x00000000de680000,0x00000000de680000,0x00000000ded00000)
 ParOldGen       total 48128K, used 16507K [0x0000000081600000, 0x0000000084500000, 0x00000000d5d00000)
  object space 48128K, 34% used [0x0000000081600000,0x000000008261ef90,0x0000000084500000)
 Metaspace       used 34731K, capacity 36040K, committed 36048K, reserved 1081344K
  class space    used 4481K, capacity 4776K, committed 4784K, reserved 1048576K
Event: 4.425 GC heap after
Heap after GC invocations=11 (full 2):
 PSYoungGen      total 140288K, used 0K [0x00000000d5d00000, 0x00000000ded00000, 0x0000000100000000)
  eden space 133120K, 0% used [0x00000000d5d00000,0x00000000d5d00000,0x00000000ddf00000)
  from space 7168K, 0% used [0x00000000ddf00000,0x00000000ddf00000,0x00000000de600000)
  to   space 6656K, 0% used [0x00000000de680000,0x00000000de680000,0x00000000ded00000)
 ParOldGen       total 48128K, used 19199K [0x0000000081600000, 0x0000000084500000, 0x00000000d5d00000)
  object space 48128K, 39% used [0x0000000081600000,0x00000000828bfea8,0x0000000084500000)
 Metaspace       used 34731K, capacity 36040K, committed 36048K, reserved 1081344K
  class space    used 4481K, capacity 4776K, committed 4784K, reserved 1048576K
}
Event: 6.701 GC heap before
{Heap before GC invocations=12 (full 2):
 PSYoungGen      total 140288K, used 133120K [0x00000000d5d00000, 0x00000000ded00000, 0x0000000100000000)
  eden space 133120K, 100% used [0x00000000d5d00000,0x00000000ddf00000,0x00000000ddf00000)
  from space 7168K, 0% used [0x00000000ddf00000,0x00000000ddf00000,0x00000000de600000)
  to   space 6656K, 0% used [0x00000000de680000,0x00000000de680000,0x00000000ded00000)
 ParOldGen       total 48128K, used 19199K [0x0000000081600000, 0x0000000084500000, 0x00000000d5d00000)
  object space 48128K, 39% used [0x0000000081600000,0x00000000828bfea8,0x0000000084500000)
 Metaspace       used 49171K, capacity 50692K, committed 50940K, reserved 1093632K
  class space    used 6579K, capacity 6900K, committed 6960K, reserved 1048576K
Event: 6.717 GC heap after
Heap after GC invocations=12 (full 2):
 PSYoungGen      total 139776K, used 6624K [0x00000000d5d00000, 0x00000000ded00000, 0x0000000100000000)
  eden space 133120K, 0% used [0x00000000d5d00000,0x00000000d5d00000,0x00000000ddf00000)
  from space 6656K, 99% used [0x00000000de680000,0x00000000decf8188,0x00000000ded00000)
  to   space 7168K, 0% used [0x00000000ddf00000,0x00000000ddf00000,0x00000000de600000)
 ParOldGen       total 48128K, used 29241K [0x0000000081600000, 0x0000000084500000, 0x00000000d5d00000)
  object space 48128K, 60% used [0x0000000081600000,0x000000008328e660,0x0000000084500000)
 Metaspace       used 49171K, capacity 50692K, committed 50940K, reserved 1093632K
  class space    used 6579K, capacity 6900K, committed 6960K, reserved 1048576K
}

