# JRE version: Java(TM) SE Runtime Environment (8.0_191-b12) (build 1.8.0_191-b12)
# Java VM: Java HotSpot(TM) 64-Bit Server VM (25.191-b12 mixed mode windows-amd64 compressed oops)
Heap:
 PSYoungGen      total 211456K, used 160059K [0x00000000d5d00000, 0x00000000e7b00000, 0x0000000100000000)
  eden space 197632K, 73% used [0x00000000d5d00000,0x00000000debd0048,0x00000000e1e00000)
  from space 13824K, 99% used [0x00000000e6d80000,0x00000000e7afece0,0x00000000e7b00000)
  to   space 18944K, 0% used [0x00000000e5600000,0x00000000e5600000,0x00000000e6880000)
 ParOldGen       total 79360K, used 30108K [0x0000000081600000, 0x0000000086380000, 0x00000000d5d00000)
  object space 79360K, 37% used [0x0000000081600000,0x00000000833671b0,0x0000000086380000)
 Metaspace       used 29104K, capacity 29840K, committed 30080K, reserved 1075200K
  class space    used 3343K, capacity 3589K, committed 3712K, reserved 1048576K
GC Heap History (10 events):
Event: 3.935 GC heap before
{Heap before GC invocations=5 (full 0):
 PSYoungGen      total 71680K, used 71660K [0x00000000d5d00000, 0x00000000da800000, 0x0000000100000000)
  eden space 66560K, 100% used [0x00000000d5d00000,0x00000000d9e00000,0x00000000d9e00000)
  from space 5120K, 99% used [0x00000000da300000,0x00000000da7fb318,0x00000000da800000)
  to   space 5120K, 0% used [0x00000000d9e00000,0x00000000d9e00000,0x00000000da300000)
 ParOldGen       total 87552K, used 9803K [0x0000000081600000, 0x0000000086b80000, 0x00000000d5d00000)
  object space 87552K, 11% used [0x0000000081600000,0x0000000081f92cb0,0x0000000086b80000)
 Metaspace       used 18682K, capacity 19068K, committed 19328K, reserved 1067008K
  class space    used 2237K, capacity 2386K, committed 2432K, reserved 1048576K
Event: 3.947 GC heap after
Heap after GC invocations=5 (full 0):
 PSYoungGen      total 71680K, used 5104K [0x00000000d5d00000, 0x00000000dfa00000, 0x0000000100000000)
  eden space 66560K, 0% used [0x00000000d5d00000,0x00000000d5d00000,0x00000000d9e00000)
  from space 5120K, 99% used [0x00000000d9e00000,0x00000000da2fc010,0x00000000da300000)
  to   space 13824K, 0% used [0x00000000dec80000,0x00000000dec80000,0x00000000dfa00000)
 ParOldGen       total 87552K, used 16988K [0x0000000081600000, 0x0000000086b80000, 0x00000000d5d00000)
  object space 87552K, 19% used [0x0000000081600000,0x00000000826970c8,0x0000000086b80000)
 Metaspace       used 18682K, capacity 19068K, committed 19328K, reserved 1067008K
  class space    used 2237K, capacity 2386K, committed 2432K, reserved 1048576K
}
Event: 5.594 GC heap before
{Heap before GC invocations=6 (full 0):
 PSYoungGen      total 71680K, used 71664K [0x00000000d5d00000, 0x00000000dfa00000, 0x0000000100000000)
  eden space 66560K, 100% used [0x00000000d5d00000,0x00000000d9e00000,0x00000000d9e00000)
  from space 5120K, 99% used [0x00000000d9e00000,0x00000000da2fc010,0x00000000da300000)
  to   space 13824K, 0% used [0x00000000dec80000,0x00000000dec80000,0x00000000dfa00000)
 ParOldGen       total 87552K, used 16988K [0x0000000081600000, 0x0000000086b80000, 0x00000000d5d00000)
  object space 87552K, 19% used [0x0000000081600000,0x00000000826970c8,0x0000000086b80000)
 Metaspace       used 20388K, capacity 20936K, committed 21120K, reserved 1067008K
  class space    used 2432K, capacity 2608K, committed 2688K, reserved 1048576K
Event: 5.607 GC heap after
Heap after GC invocations=6 (full 0):
 PSYoungGen      total 146432K, used 11379K [0x00000000d5d00000, 0x00000000dfb00000, 0x0000000100000000)
  eden space 132608K, 0% used [0x00000000d5d00000,0x00000000d5d00000,0x00000000dde80000)
  from space 13824K, 82% used [0x00000000dec80000,0x00000000df79cd80,0x00000000dfa00000)
  to   space 14336K, 0% used [0x00000000dde80000,0x00000000dde80000,0x00000000dec80000)
 ParOldGen       total 87552K, used 16996K [0x0000000081600000, 0x0000000086b80000, 0x00000000d5d00000)
  object space 87552K, 19% used [0x0000000081600000,0x00000000826990c8,0x0000000086b80000)
 Metaspace       used 20388K, capacity 20936K, committed 21120K, reserved 1067008K
  class space    used 2432K, capacity 2608K, committed 2688K, reserved 1048576K
}
Event: 5.864 GC heap before
{Heap before GC invocations=7 (full 0):
 PSYoungGen      total 146432K, used 21752K [0x00000000d5d00000, 0x00000000dfb00000, 0x0000000100000000)
  eden space 132608K, 7% used [0x00000000d5d00000,0x00000000d6721628,0x00000000dde80000)
  from space 13824K, 82% used [0x00000000dec80000,0x00000000df79cd80,0x00000000dfa00000)
  to   space 14336K, 0% used [0x00000000dde80000,0x00000000dde80000,0x00000000dec80000)
 ParOldGen       total 87552K, used 16996K [0x0000000081600000, 0x0000000086b80000, 0x00000000d5d00000)
  object space 87552K, 19% used [0x0000000081600000,0x00000000826990c8,0x0000000086b80000)
 Metaspace       used 20639K, capacity 21172K, committed 21296K, reserved 1069056K
  class space    used 2447K, capacity 2648K, committed 2688K, reserved 1048576K
Event: 5.877 GC heap after
Heap after GC invocations=7 (full 0):
 PSYoungGen      total 146944K, used 9320K [0x00000000d5d00000, 0x00000000e7b00000, 0x0000000100000000)
  eden space 132608K, 0% used [0x00000000d5d00000,0x00000000d5d00000,0x00000000dde80000)
  from space 14336K, 65% used [0x00000000dde80000,0x00000000de79a140,0x00000000dec80000)
  to   space 13824K, 0% used [0x00000000e6d80000,0x00000000e6d80000,0x00000000e7b00000)
 ParOldGen       total 87552K, used 18750K [0x0000000081600000, 0x0000000086b80000, 0x00000000d5d00000)
  object space 87552K, 21% used [0x0000000081600000,0x000000008284f958,0x0000000086b80000)
 Metaspace       used 20639K, capacity 21172K, committed 21296K, reserved 1069056K
  class space    used 2447K, capacity 2648K, committed 2688K, reserved 1048576K
}
Event: 5.877 GC heap before
{Heap before GC invocations=8 (full 1):
 PSYoungGen      total 146944K, used 9320K [0x00000000d5d00000, 0x00000000e7b00000, 0x0000000100000000)
  eden space 132608K, 0% used [0x00000000d5d00000,0x00000000d5d00000,0x00000000dde80000)
  from space 14336K, 65% used [0x00000000dde80000,0x00000000de79a140,0x00000000dec80000)
  to   space 13824K, 0% used [0x00000000e6d80000,0x00000000e6d80000,0x00000000e7b00000)
 ParOldGen       total 87552K, used 18750K [0x0000000081600000, 0x0000000086b80000, 0x00000000d5d00000)
  object space 87552K, 21% used [0x0000000081600000,0x000000008284f958,0x0000000086b80000)
 Metaspace       used 20639K, capacity 21172K, committed 21296K, reserved 1069056K
  class space    used 2447K, capacity 2648K, committed 2688K, reserved 1048576K
Event: 5.984 GC heap after
Heap after GC invocations=8 (full 1):
 PSYoungGen      total 146944K, used 0K [0x00000000d5d00000, 0x00000000e7b00000, 0x0000000100000000)
  eden space 132608K, 0% used [0x00000000d5d00000,0x00000000d5d00000,0x00000000dde80000)
  from space 14336K, 0% used [0x00000000dde80000,0x00000000dde80000,0x00000000dec80000)
  to   space 13824K, 0% used [0x00000000e6d80000,0x00000000e6d80000,0x00000000e7b00000)
 ParOldGen       total 79360K, used 21741K [0x0000000081600000, 0x0000000086380000, 0x00000000d5d00000)
  object space 79360K, 27% used [0x0000000081600000,0x0000000082b3b748,0x0000000086380000)
 Metaspace       used 20639K, capacity 21172K, committed 21296K, reserved 1069056K
  class space    used 2447K, capacity 2648K, committed 2688K, reserved 1048576K
}
Event: 8.666 GC heap before
{Heap before GC invocations=9 (full 1):
 PSYoungGen      total 146944K, used 132608K [0x00000000d5d00000, 0x00000000e7b00000, 0x0000000100000000)
  eden space 132608K, 100% used [0x00000000d5d00000,0x00000000dde80000,0x00000000dde80000)
  from space 14336K, 0% used [0x00000000dde80000,0x00000000dde80000,0x00000000dec80000)
  to   space 13824K, 0% used [0x00000000e6d80000,0x00000000e6d80000,0x00000000e7b00000)
 ParOldGen       total 79360K, used 21741K [0x0000000081600000, 0x0000000086380000, 0x00000000d5d00000)
  object space 79360K, 27% used [0x0000000081600000,0x0000000082b3b748,0x0000000086380000)
 Metaspace       used 27134K, capacity 27756K, committed 28032K, reserved 1073152K
  class space    used 3174K, capacity 3392K, committed 3456K, reserved 1048576K
Event: 8.697 GC heap after
Heap after GC invocations=9 (full 1):
 PSYoungGen      total 211456K, used 13819K [0x00000000d5d00000, 0x00000000e7b00000, 0x0000000100000000)
  eden space 197632K, 0% used [0x00000000d5d00000,0x00000000d5d00000,0x00000000e1e00000)
  from space 13824K, 99% used [0x00000000e6d80000,0x00000000e7afece0,0x00000000e7b00000)
  to   space 18944K, 0% used [0x00000000e5600000,0x00000000e5600000,0x00000000e6880000)
 ParOldGen       total 79360K, used 30108K [0x0000000081600000, 0x0000000086380000, 0x00000000d5d00000)
  object space 79360K, 37% used [0x0000000081600000,0x00000000833671b0,0x0000000086380000)
 Metaspace       used 27134K, capacity 27756K, committed 28032K, reserved 1073152K
  class space    used 3174K, capacity 3392K, committed 3456K, reserved 1048576K
}

